2020-11-03 09:38:57.320  INFO 21276 --- [restartedMain] com.telefonica.app.Application           : Starting Application on DESKTOP-BKKU2KF with PID 21276 (started by israe in C:\REPOSITORIO TELEFONICA_ARAVACA\gdm\branches\version02)
2020-11-03 09:38:57.324  INFO 21276 --- [restartedMain] com.telefonica.app.Application           : The following profiles are active: dev
2020-11-03 09:38:57.784  INFO 21276 --- [restartedMain] .s.d.r.c.RepositoryConfigurationDelegate : Bootstrapping Spring Data repositories in DEFAULT mode.
2020-11-03 09:38:57.788  INFO 21276 --- [restartedMain] .s.d.r.c.RepositoryConfigurationDelegate : Finished Spring Data repository scanning in 3ms. Found 0 repository interfaces.
2020-11-03 09:38:57.830  WARN 21276 --- [restartedMain] o.m.s.mapper.ClassPathMapperScanner      : Cannot use both: sqlSessionTemplate and sqlSessionFactory together. sqlSessionFactory is ignored.
2020-11-03 09:38:57.835  WARN 21276 --- [restartedMain] o.m.s.mapper.ClassPathMapperScanner      : Cannot use both: sqlSessionTemplate and sqlSessionFactory together. sqlSessionFactory is ignored.
2020-11-03 09:38:57.838  WARN 21276 --- [restartedMain] o.m.s.mapper.ClassPathMapperScanner      : Skipping MapperFactoryBean with name 'DB_Mapper' and 'com.telefonica.mapper.cdm.DB_Mapper' mapperInterface. Bean already defined with the same name!
2020-11-03 09:38:57.838  WARN 21276 --- [restartedMain] o.m.s.mapper.ClassPathMapperScanner      : Skipping MapperFactoryBean with name 'DB_IFSI_Mapper' and 'com.telefonica.mapper.ifsi.DB_IFSI_Mapper' mapperInterface. Bean already defined with the same name!
2020-11-03 09:38:57.838  WARN 21276 --- [restartedMain] o.m.s.mapper.ClassPathMapperScanner      : No MyBatis mapper was found in '[com.telefonica.mapper]' package. Please check your configuration.
2020-11-03 09:38:57.979  INFO 21276 --- [restartedMain] o.s.b.w.embedded.tomcat.TomcatWebServer  : Tomcat initialized with port(s): 8080 (http)
2020-11-03 09:38:57.980  INFO 21276 --- [restartedMain] o.apache.catalina.core.StandardService   : Starting service [Tomcat]
2020-11-03 09:38:57.980  INFO 21276 --- [restartedMain] org.apache.catalina.core.StandardEngine  : Starting Servlet engine: [Apache Tomcat/9.0.30]
2020-11-03 09:38:57.994  INFO 21276 --- [restartedMain] o.a.c.c.C.[Tomcat-1].[localhost].[/gdm]  : Initializing Spring embedded WebApplicationContext
2020-11-03 09:38:57.994  INFO 21276 --- [restartedMain] o.s.web.context.ContextLoader            : Root WebApplicationContext: initialization completed in 664 ms
2020-11-03 09:38:58.201  INFO 21276 --- [restartedMain] o.s.s.concurrent.ThreadPoolTaskExecutor  : Initializing ExecutorService 'applicationTaskExecutor'
2020-11-03 09:38:58.611  INFO 21276 --- [restartedMain] o.s.b.d.a.OptionalLiveReloadServer       : LiveReload server is running on port 35729
2020-11-03 09:38:58.650  INFO 21276 --- [restartedMain] o.s.b.w.embedded.tomcat.TomcatWebServer  : Tomcat started on port(s): 8080 (http) with context path '/gdm'
2020-11-03 09:38:58.651  INFO 21276 --- [restartedMain] com.telefonica.app.Application           : Started Application in 1.392 seconds (JVM running for 90.727)
2020-11-03 09:38:58.660  INFO 21276 --- [restartedMain] .ConditionEvaluationDeltaLoggingListener : Condition evaluation unchanged
2020-11-03 10:51:55.714  INFO 21276 --- [RMI TCP Connection(103)-127.0.0.1] inMXBeanRegistrar$SpringApplicationAdmin : Application shutdown requested.
2020-11-03 10:51:55.718  INFO 21276 --- [RMI TCP Connection(103)-127.0.0.1] o.s.s.concurrent.ThreadPoolTaskExecutor  : Shutting down ExecutorService 'applicationTaskExecutor'
